ARM GAS  C:\Users\Bryce\AppData\Local\Temp\ccackKiG.s 			page 1


   1              		.syntax unified
   2              		.cpu cortex-m4
   3              		.eabi_attribute 27, 1
   4              		.fpu fpv4-sp-d16
   5              		.eabi_attribute 20, 1
   6              		.eabi_attribute 21, 1
   7              		.eabi_attribute 23, 3
   8              		.eabi_attribute 24, 1
   9              		.eabi_attribute 25, 1
  10              		.eabi_attribute 26, 1
  11              		.eabi_attribute 30, 1
  12              		.eabi_attribute 34, 1
  13              		.eabi_attribute 18, 4
  14              		.thumb
  15              		.syntax unified
  16              		.file	"BLE_custom_config.c"
  17              		.text
  18              	.Ltext0:
  19              		.cfi_sections	.debug_frame
  20              		.global	cy_ble_customConfig
  21              		.section	.rodata
  22              		.align	2
  23              		.type	cy_ble_customs, %object
  24              		.size	cy_ble_customs, 14
  25              	cy_ble_customs:
  26 0000 1000     		.short	16
  27 0002 1200     		.short	18
  28 0004 1300     		.short	19
  29 0006 1400     		.short	20
  30 0008 1600     		.short	22
  31 000a 1700     		.short	23
  32 000c 1800     		.short	24
  33              		.data
  34              		.align	2
  35              		.type	cy_ble_customConfig, %object
  36              		.size	cy_ble_customConfig, 4
  37              	cy_ble_customConfig:
  38 0000 00000000 		.word	cy_ble_customs
  39              		.text
  40              	.Letext0:
  41              		.file 1 "c:\\program files (x86)\\cypress\\psoc creator\\4.4\\psoc creator\\import\\gnu\\arm\\5.4.
  42              		.file 2 "c:\\program files (x86)\\cypress\\psoc creator\\4.4\\psoc creator\\import\\gnu\\arm\\5.4.
  43              		.file 3 "Generated_Source\\PSoC6\\pdl\\drivers/peripheral/device/cy_device.h"
  44              		.file 4 "Generated_Source\\PSoC6\\pdl\\middleware/ble/cy_ble_stack_host_main.h"
  45              		.file 5 "Generated_Source\\PSoC6\\pdl\\middleware/ble/cy_ble_stack_gatt.h"
  46              		.file 6 "Generated_Source\\PSoC6\\pdl\\middleware/ble/cy_ble_gap.h"
  47              		.file 7 "Generated_Source\\PSoC6\\pdl\\middleware/ble/cy_ble_custom.h"
  48              		.file 8 "Generated_Source\\PSoC6\\pdl\\cmsis/include/core_cm4.h"
  49              		.file 9 "Generated_Source\\PSoC6\\BLE_custom_config.c"
  50              		.section	.debug_info,"",%progbits
  51              	.Ldebug_info0:
  52 0000 19070000 		.4byte	0x719
  53 0004 0400     		.2byte	0x4
  54 0006 00000000 		.4byte	.Ldebug_abbrev0
  55 000a 04       		.byte	0x4
  56 000b 01       		.uleb128 0x1
  57 000c FB050000 		.4byte	.LASF145
ARM GAS  C:\Users\Bryce\AppData\Local\Temp\ccackKiG.s 			page 2


  58 0010 0C       		.byte	0xc
  59 0011 F5030000 		.4byte	.LASF146
  60 0015 BD090000 		.4byte	.LASF147
  61 0019 00000000 		.4byte	.Ldebug_line0
  62 001d 02       		.uleb128 0x2
  63 001e 04       		.byte	0x4
  64 001f 05       		.byte	0x5
  65 0020 696E7400 		.ascii	"int\000"
  66 0024 03       		.uleb128 0x3
  67 0025 04       		.byte	0x4
  68 0026 07       		.byte	0x7
  69 0027 60030000 		.4byte	.LASF0
  70 002b 03       		.uleb128 0x3
  71 002c 08       		.byte	0x8
  72 002d 05       		.byte	0x5
  73 002e 60010000 		.4byte	.LASF1
  74 0032 03       		.uleb128 0x3
  75 0033 08       		.byte	0x8
  76 0034 04       		.byte	0x4
  77 0035 2A080000 		.4byte	.LASF2
  78 0039 03       		.uleb128 0x3
  79 003a 01       		.byte	0x1
  80 003b 06       		.byte	0x6
  81 003c 6E010000 		.4byte	.LASF3
  82 0040 04       		.uleb128 0x4
  83 0041 86000000 		.4byte	.LASF5
  84 0045 01       		.byte	0x1
  85 0046 1D       		.byte	0x1d
  86 0047 4B000000 		.4byte	0x4b
  87 004b 03       		.uleb128 0x3
  88 004c 01       		.byte	0x1
  89 004d 08       		.byte	0x8
  90 004e 65070000 		.4byte	.LASF4
  91 0052 04       		.uleb128 0x4
  92 0053 F7020000 		.4byte	.LASF6
  93 0057 01       		.byte	0x1
  94 0058 29       		.byte	0x29
  95 0059 5D000000 		.4byte	0x5d
  96 005d 03       		.uleb128 0x3
  97 005e 02       		.byte	0x2
  98 005f 05       		.byte	0x5
  99 0060 87070000 		.4byte	.LASF7
 100 0064 04       		.uleb128 0x4
 101 0065 55080000 		.4byte	.LASF8
 102 0069 01       		.byte	0x1
 103 006a 2B       		.byte	0x2b
 104 006b 6F000000 		.4byte	0x6f
 105 006f 03       		.uleb128 0x3
 106 0070 02       		.byte	0x2
 107 0071 07       		.byte	0x7
 108 0072 C7080000 		.4byte	.LASF9
 109 0076 04       		.uleb128 0x4
 110 0077 8C080000 		.4byte	.LASF10
 111 007b 01       		.byte	0x1
 112 007c 3F       		.byte	0x3f
 113 007d 81000000 		.4byte	0x81
 114 0081 03       		.uleb128 0x3
ARM GAS  C:\Users\Bryce\AppData\Local\Temp\ccackKiG.s 			page 3


 115 0082 04       		.byte	0x4
 116 0083 05       		.byte	0x5
 117 0084 E2010000 		.4byte	.LASF11
 118 0088 04       		.uleb128 0x4
 119 0089 CD020000 		.4byte	.LASF12
 120 008d 01       		.byte	0x1
 121 008e 41       		.byte	0x41
 122 008f 93000000 		.4byte	0x93
 123 0093 03       		.uleb128 0x3
 124 0094 04       		.byte	0x4
 125 0095 07       		.byte	0x7
 126 0096 CF030000 		.4byte	.LASF13
 127 009a 03       		.uleb128 0x3
 128 009b 08       		.byte	0x8
 129 009c 07       		.byte	0x7
 130 009d E8000000 		.4byte	.LASF14
 131 00a1 03       		.uleb128 0x3
 132 00a2 04       		.byte	0x4
 133 00a3 07       		.byte	0x7
 134 00a4 25050000 		.4byte	.LASF15
 135 00a8 03       		.uleb128 0x3
 136 00a9 01       		.byte	0x1
 137 00aa 08       		.byte	0x8
 138 00ab 36080000 		.4byte	.LASF16
 139 00af 04       		.uleb128 0x4
 140 00b0 8B090000 		.4byte	.LASF17
 141 00b4 02       		.byte	0x2
 142 00b5 18       		.byte	0x18
 143 00b6 40000000 		.4byte	0x40
 144 00ba 04       		.uleb128 0x4
 145 00bb 58010000 		.4byte	.LASF18
 146 00bf 02       		.byte	0x2
 147 00c0 20       		.byte	0x20
 148 00c1 52000000 		.4byte	0x52
 149 00c5 04       		.uleb128 0x4
 150 00c6 B4030000 		.4byte	.LASF19
 151 00ca 02       		.byte	0x2
 152 00cb 24       		.byte	0x24
 153 00cc 64000000 		.4byte	0x64
 154 00d0 04       		.uleb128 0x4
 155 00d1 5D070000 		.4byte	.LASF20
 156 00d5 02       		.byte	0x2
 157 00d6 2C       		.byte	0x2c
 158 00d7 76000000 		.4byte	0x76
 159 00db 04       		.uleb128 0x4
 160 00dc 21080000 		.4byte	.LASF21
 161 00e0 02       		.byte	0x2
 162 00e1 30       		.byte	0x30
 163 00e2 88000000 		.4byte	0x88
 164 00e6 05       		.uleb128 0x5
 165 00e7 B8       		.byte	0xb8
 166 00e8 03       		.byte	0x3
 167 00e9 34       		.byte	0x34
 168 00ea F7040000 		.4byte	0x4f7
 169 00ee 06       		.uleb128 0x6
 170 00ef CF000000 		.4byte	.LASF22
 171 00f3 03       		.byte	0x3
ARM GAS  C:\Users\Bryce\AppData\Local\Temp\ccackKiG.s 			page 4


 172 00f4 37       		.byte	0x37
 173 00f5 DB000000 		.4byte	0xdb
 174 00f9 00       		.byte	0
 175 00fa 06       		.uleb128 0x6
 176 00fb C2020000 		.4byte	.LASF23
 177 00ff 03       		.byte	0x3
 178 0100 38       		.byte	0x38
 179 0101 DB000000 		.4byte	0xdb
 180 0105 04       		.byte	0x4
 181 0106 06       		.uleb128 0x6
 182 0107 26020000 		.4byte	.LASF24
 183 010b 03       		.byte	0x3
 184 010c 39       		.byte	0x39
 185 010d DB000000 		.4byte	0xdb
 186 0111 08       		.byte	0x8
 187 0112 06       		.uleb128 0x6
 188 0113 25070000 		.4byte	.LASF25
 189 0117 03       		.byte	0x3
 190 0118 3A       		.byte	0x3a
 191 0119 DB000000 		.4byte	0xdb
 192 011d 0C       		.byte	0xc
 193 011e 06       		.uleb128 0x6
 194 011f 8F010000 		.4byte	.LASF26
 195 0123 03       		.byte	0x3
 196 0124 3B       		.byte	0x3b
 197 0125 DB000000 		.4byte	0xdb
 198 0129 10       		.byte	0x10
 199 012a 06       		.uleb128 0x6
 200 012b D8010000 		.4byte	.LASF27
 201 012f 03       		.byte	0x3
 202 0130 3C       		.byte	0x3c
 203 0131 DB000000 		.4byte	0xdb
 204 0135 14       		.byte	0x14
 205 0136 06       		.uleb128 0x6
 206 0137 EC030000 		.4byte	.LASF28
 207 013b 03       		.byte	0x3
 208 013c 3D       		.byte	0x3d
 209 013d DB000000 		.4byte	0xdb
 210 0141 18       		.byte	0x18
 211 0142 06       		.uleb128 0x6
 212 0143 67000000 		.4byte	.LASF29
 213 0147 03       		.byte	0x3
 214 0148 3E       		.byte	0x3e
 215 0149 DB000000 		.4byte	0xdb
 216 014d 1C       		.byte	0x1c
 217 014e 06       		.uleb128 0x6
 218 014f 5C0A0000 		.4byte	.LASF30
 219 0153 03       		.byte	0x3
 220 0154 3F       		.byte	0x3f
 221 0155 DB000000 		.4byte	0xdb
 222 0159 20       		.byte	0x20
 223 015a 06       		.uleb128 0x6
 224 015b E3050000 		.4byte	.LASF31
 225 015f 03       		.byte	0x3
 226 0160 40       		.byte	0x40
 227 0161 DB000000 		.4byte	0xdb
 228 0165 24       		.byte	0x24
ARM GAS  C:\Users\Bryce\AppData\Local\Temp\ccackKiG.s 			page 5


 229 0166 06       		.uleb128 0x6
 230 0167 DA040000 		.4byte	.LASF32
 231 016b 03       		.byte	0x3
 232 016c 43       		.byte	0x43
 233 016d AF000000 		.4byte	0xaf
 234 0171 28       		.byte	0x28
 235 0172 06       		.uleb128 0x6
 236 0173 4D000000 		.4byte	.LASF33
 237 0177 03       		.byte	0x3
 238 0178 44       		.byte	0x44
 239 0179 AF000000 		.4byte	0xaf
 240 017d 29       		.byte	0x29
 241 017e 06       		.uleb128 0x6
 242 017f 520A0000 		.4byte	.LASF34
 243 0183 03       		.byte	0x3
 244 0184 45       		.byte	0x45
 245 0185 AF000000 		.4byte	0xaf
 246 0189 2A       		.byte	0x2a
 247 018a 06       		.uleb128 0x6
 248 018b D5050000 		.4byte	.LASF35
 249 018f 03       		.byte	0x3
 250 0190 46       		.byte	0x46
 251 0191 AF000000 		.4byte	0xaf
 252 0195 2B       		.byte	0x2b
 253 0196 06       		.uleb128 0x6
 254 0197 6A040000 		.4byte	.LASF36
 255 019b 03       		.byte	0x3
 256 019c 47       		.byte	0x47
 257 019d AF000000 		.4byte	0xaf
 258 01a1 2C       		.byte	0x2c
 259 01a2 06       		.uleb128 0x6
 260 01a3 A6080000 		.4byte	.LASF37
 261 01a7 03       		.byte	0x3
 262 01a8 48       		.byte	0x48
 263 01a9 AF000000 		.4byte	0xaf
 264 01ad 2D       		.byte	0x2d
 265 01ae 06       		.uleb128 0x6
 266 01af 98010000 		.4byte	.LASF38
 267 01b3 03       		.byte	0x3
 268 01b4 49       		.byte	0x49
 269 01b5 AF000000 		.4byte	0xaf
 270 01b9 2E       		.byte	0x2e
 271 01ba 06       		.uleb128 0x6
 272 01bb 04050000 		.4byte	.LASF39
 273 01bf 03       		.byte	0x3
 274 01c0 4A       		.byte	0x4a
 275 01c1 AF000000 		.4byte	0xaf
 276 01c5 2F       		.byte	0x2f
 277 01c6 06       		.uleb128 0x6
 278 01c7 3B080000 		.4byte	.LASF40
 279 01cb 03       		.byte	0x3
 280 01cc 4B       		.byte	0x4b
 281 01cd AF000000 		.4byte	0xaf
 282 01d1 30       		.byte	0x30
 283 01d2 06       		.uleb128 0x6
 284 01d3 E1030000 		.4byte	.LASF41
 285 01d7 03       		.byte	0x3
ARM GAS  C:\Users\Bryce\AppData\Local\Temp\ccackKiG.s 			page 6


 286 01d8 4E       		.byte	0x4e
 287 01d9 AF000000 		.4byte	0xaf
 288 01dd 31       		.byte	0x31
 289 01de 06       		.uleb128 0x6
 290 01df 78000000 		.4byte	.LASF42
 291 01e3 03       		.byte	0x3
 292 01e4 4F       		.byte	0x4f
 293 01e5 AF000000 		.4byte	0xaf
 294 01e9 32       		.byte	0x32
 295 01ea 06       		.uleb128 0x6
 296 01eb 54030000 		.4byte	.LASF43
 297 01ef 03       		.byte	0x3
 298 01f0 50       		.byte	0x50
 299 01f1 AF000000 		.4byte	0xaf
 300 01f5 33       		.byte	0x33
 301 01f6 06       		.uleb128 0x6
 302 01f7 39050000 		.4byte	.LASF44
 303 01fb 03       		.byte	0x3
 304 01fc 51       		.byte	0x51
 305 01fd AF000000 		.4byte	0xaf
 306 0201 34       		.byte	0x34
 307 0202 06       		.uleb128 0x6
 308 0203 F1080000 		.4byte	.LASF45
 309 0207 03       		.byte	0x3
 310 0208 52       		.byte	0x52
 311 0209 BA000000 		.4byte	0xba
 312 020d 36       		.byte	0x36
 313 020e 06       		.uleb128 0x6
 314 020f 40020000 		.4byte	.LASF46
 315 0213 03       		.byte	0x3
 316 0214 53       		.byte	0x53
 317 0215 BA000000 		.4byte	0xba
 318 0219 38       		.byte	0x38
 319 021a 06       		.uleb128 0x6
 320 021b 40090000 		.4byte	.LASF47
 321 021f 03       		.byte	0x3
 322 0220 54       		.byte	0x54
 323 0221 BA000000 		.4byte	0xba
 324 0225 3A       		.byte	0x3a
 325 0226 06       		.uleb128 0x6
 326 0227 430A0000 		.4byte	.LASF48
 327 022b 03       		.byte	0x3
 328 022c 55       		.byte	0x55
 329 022d AF000000 		.4byte	0xaf
 330 0231 3C       		.byte	0x3c
 331 0232 06       		.uleb128 0x6
 332 0233 67020000 		.4byte	.LASF49
 333 0237 03       		.byte	0x3
 334 0238 56       		.byte	0x56
 335 0239 AF000000 		.4byte	0xaf
 336 023d 3D       		.byte	0x3d
 337 023e 06       		.uleb128 0x6
 338 023f 03080000 		.4byte	.LASF50
 339 0243 03       		.byte	0x3
 340 0244 57       		.byte	0x57
 341 0245 AF000000 		.4byte	0xaf
 342 0249 3E       		.byte	0x3e
ARM GAS  C:\Users\Bryce\AppData\Local\Temp\ccackKiG.s 			page 7


 343 024a 06       		.uleb128 0x6
 344 024b 5B000000 		.4byte	.LASF51
 345 024f 03       		.byte	0x3
 346 0250 58       		.byte	0x58
 347 0251 AF000000 		.4byte	0xaf
 348 0255 3F       		.byte	0x3f
 349 0256 06       		.uleb128 0x6
 350 0257 EE050000 		.4byte	.LASF52
 351 025b 03       		.byte	0x3
 352 025c 59       		.byte	0x59
 353 025d AF000000 		.4byte	0xaf
 354 0261 40       		.byte	0x40
 355 0262 06       		.uleb128 0x6
 356 0263 E7020000 		.4byte	.LASF53
 357 0267 03       		.byte	0x3
 358 0268 5A       		.byte	0x5a
 359 0269 AF000000 		.4byte	0xaf
 360 026d 41       		.byte	0x41
 361 026e 06       		.uleb128 0x6
 362 026f 86040000 		.4byte	.LASF54
 363 0273 03       		.byte	0x3
 364 0274 5B       		.byte	0x5b
 365 0275 AF000000 		.4byte	0xaf
 366 0279 42       		.byte	0x42
 367 027a 06       		.uleb128 0x6
 368 027b B3050000 		.4byte	.LASF55
 369 027f 03       		.byte	0x3
 370 0280 5C       		.byte	0x5c
 371 0281 AF000000 		.4byte	0xaf
 372 0285 43       		.byte	0x43
 373 0286 06       		.uleb128 0x6
 374 0287 2F020000 		.4byte	.LASF56
 375 028b 03       		.byte	0x3
 376 028c 5D       		.byte	0x5d
 377 028d AF000000 		.4byte	0xaf
 378 0291 44       		.byte	0x44
 379 0292 06       		.uleb128 0x6
 380 0293 00000000 		.4byte	.LASF57
 381 0297 03       		.byte	0x3
 382 0298 5E       		.byte	0x5e
 383 0299 DB000000 		.4byte	0xdb
 384 029d 48       		.byte	0x48
 385 029e 06       		.uleb128 0x6
 386 029f 02020000 		.4byte	.LASF58
 387 02a3 03       		.byte	0x3
 388 02a4 5F       		.byte	0x5f
 389 02a5 DB000000 		.4byte	0xdb
 390 02a9 4C       		.byte	0x4c
 391 02aa 06       		.uleb128 0x6
 392 02ab D20A0000 		.4byte	.LASF59
 393 02af 03       		.byte	0x3
 394 02b0 60       		.byte	0x60
 395 02b1 AF000000 		.4byte	0xaf
 396 02b5 50       		.byte	0x50
 397 02b6 06       		.uleb128 0x6
 398 02b7 32010000 		.4byte	.LASF60
 399 02bb 03       		.byte	0x3
ARM GAS  C:\Users\Bryce\AppData\Local\Temp\ccackKiG.s 			page 8


 400 02bc 61       		.byte	0x61
 401 02bd AF000000 		.4byte	0xaf
 402 02c1 51       		.byte	0x51
 403 02c2 06       		.uleb128 0x6
 404 02c3 AE060000 		.4byte	.LASF61
 405 02c7 03       		.byte	0x3
 406 02c8 62       		.byte	0x62
 407 02c9 AF000000 		.4byte	0xaf
 408 02cd 52       		.byte	0x52
 409 02ce 06       		.uleb128 0x6
 410 02cf 7A0A0000 		.4byte	.LASF62
 411 02d3 03       		.byte	0x3
 412 02d4 63       		.byte	0x63
 413 02d5 AF000000 		.4byte	0xaf
 414 02d9 53       		.byte	0x53
 415 02da 06       		.uleb128 0x6
 416 02db 11080000 		.4byte	.LASF63
 417 02df 03       		.byte	0x3
 418 02e0 64       		.byte	0x64
 419 02e1 AF000000 		.4byte	0xaf
 420 02e5 54       		.byte	0x54
 421 02e6 06       		.uleb128 0x6
 422 02e7 44010000 		.4byte	.LASF64
 423 02eb 03       		.byte	0x3
 424 02ec 65       		.byte	0x65
 425 02ed AF000000 		.4byte	0xaf
 426 02f1 55       		.byte	0x55
 427 02f2 06       		.uleb128 0x6
 428 02f3 B3080000 		.4byte	.LASF65
 429 02f7 03       		.byte	0x3
 430 02f8 66       		.byte	0x66
 431 02f9 AF000000 		.4byte	0xaf
 432 02fd 56       		.byte	0x56
 433 02fe 06       		.uleb128 0x6
 434 02ff BF070000 		.4byte	.LASF66
 435 0303 03       		.byte	0x3
 436 0304 67       		.byte	0x67
 437 0305 AF000000 		.4byte	0xaf
 438 0309 57       		.byte	0x57
 439 030a 06       		.uleb128 0x6
 440 030b 12000000 		.4byte	.LASF67
 441 030f 03       		.byte	0x3
 442 0310 68       		.byte	0x68
 443 0311 AF000000 		.4byte	0xaf
 444 0315 58       		.byte	0x58
 445 0316 06       		.uleb128 0x6
 446 0317 73070000 		.4byte	.LASF68
 447 031b 03       		.byte	0x3
 448 031c 69       		.byte	0x69
 449 031d AF000000 		.4byte	0xaf
 450 0321 59       		.byte	0x59
 451 0322 06       		.uleb128 0x6
 452 0323 2E050000 		.4byte	.LASF69
 453 0327 03       		.byte	0x3
 454 0328 6E       		.byte	0x6e
 455 0329 C5000000 		.4byte	0xc5
 456 032d 5A       		.byte	0x5a
ARM GAS  C:\Users\Bryce\AppData\Local\Temp\ccackKiG.s 			page 9


 457 032e 06       		.uleb128 0x6
 458 032f DA080000 		.4byte	.LASF70
 459 0333 03       		.byte	0x3
 460 0334 6F       		.byte	0x6f
 461 0335 C5000000 		.4byte	0xc5
 462 0339 5C       		.byte	0x5c
 463 033a 06       		.uleb128 0x6
 464 033b D9000000 		.4byte	.LASF71
 465 033f 03       		.byte	0x3
 466 0340 70       		.byte	0x70
 467 0341 AF000000 		.4byte	0xaf
 468 0345 5E       		.byte	0x5e
 469 0346 06       		.uleb128 0x6
 470 0347 0F070000 		.4byte	.LASF72
 471 034b 03       		.byte	0x3
 472 034c 71       		.byte	0x71
 473 034d AF000000 		.4byte	0xaf
 474 0351 5F       		.byte	0x5f
 475 0352 06       		.uleb128 0x6
 476 0353 A2050000 		.4byte	.LASF73
 477 0357 03       		.byte	0x3
 478 0358 72       		.byte	0x72
 479 0359 AF000000 		.4byte	0xaf
 480 035d 60       		.byte	0x60
 481 035e 06       		.uleb128 0x6
 482 035f E8060000 		.4byte	.LASF74
 483 0363 03       		.byte	0x3
 484 0364 73       		.byte	0x73
 485 0365 DB000000 		.4byte	0xdb
 486 0369 64       		.byte	0x64
 487 036a 06       		.uleb128 0x6
 488 036b FF000000 		.4byte	.LASF75
 489 036f 03       		.byte	0x3
 490 0370 76       		.byte	0x76
 491 0371 C5000000 		.4byte	0xc5
 492 0375 68       		.byte	0x68
 493 0376 06       		.uleb128 0x6
 494 0377 BD030000 		.4byte	.LASF76
 495 037b 03       		.byte	0x3
 496 037c 77       		.byte	0x77
 497 037d C5000000 		.4byte	0xc5
 498 0381 6A       		.byte	0x6a
 499 0382 06       		.uleb128 0x6
 500 0383 20040000 		.4byte	.LASF77
 501 0387 03       		.byte	0x3
 502 0388 78       		.byte	0x78
 503 0389 C5000000 		.4byte	0xc5
 504 038d 6C       		.byte	0x6c
 505 038e 06       		.uleb128 0x6
 506 038f 5D040000 		.4byte	.LASF78
 507 0393 03       		.byte	0x3
 508 0394 79       		.byte	0x79
 509 0395 C5000000 		.4byte	0xc5
 510 0399 6E       		.byte	0x6e
 511 039a 06       		.uleb128 0x6
 512 039b AB070000 		.4byte	.LASF79
 513 039f 03       		.byte	0x3
ARM GAS  C:\Users\Bryce\AppData\Local\Temp\ccackKiG.s 			page 10


 514 03a0 7B       		.byte	0x7b
 515 03a1 AF000000 		.4byte	0xaf
 516 03a5 70       		.byte	0x70
 517 03a6 06       		.uleb128 0x6
 518 03a7 7A010000 		.4byte	.LASF80
 519 03ab 03       		.byte	0x3
 520 03ac 7C       		.byte	0x7c
 521 03ad AF000000 		.4byte	0xaf
 522 03b1 71       		.byte	0x71
 523 03b2 06       		.uleb128 0x6
 524 03b3 640A0000 		.4byte	.LASF81
 525 03b7 03       		.byte	0x3
 526 03b8 7D       		.byte	0x7d
 527 03b9 AF000000 		.4byte	0xaf
 528 03bd 72       		.byte	0x72
 529 03be 06       		.uleb128 0x6
 530 03bf 69050000 		.4byte	.LASF82
 531 03c3 03       		.byte	0x3
 532 03c4 7E       		.byte	0x7e
 533 03c5 AF000000 		.4byte	0xaf
 534 03c9 73       		.byte	0x73
 535 03ca 06       		.uleb128 0x6
 536 03cb 72020000 		.4byte	.LASF83
 537 03cf 03       		.byte	0x3
 538 03d0 80       		.byte	0x80
 539 03d1 C5000000 		.4byte	0xc5
 540 03d5 74       		.byte	0x74
 541 03d6 06       		.uleb128 0x6
 542 03d7 79080000 		.4byte	.LASF84
 543 03db 03       		.byte	0x3
 544 03dc 81       		.byte	0x81
 545 03dd C5000000 		.4byte	0xc5
 546 03e1 76       		.byte	0x76
 547 03e2 06       		.uleb128 0x6
 548 03e3 52020000 		.4byte	.LASF85
 549 03e7 03       		.byte	0x3
 550 03e8 82       		.byte	0x82
 551 03e9 C5000000 		.4byte	0xc5
 552 03ed 78       		.byte	0x78
 553 03ee 06       		.uleb128 0x6
 554 03ef 90000000 		.4byte	.LASF86
 555 03f3 03       		.byte	0x3
 556 03f4 83       		.byte	0x83
 557 03f5 C5000000 		.4byte	0xc5
 558 03f9 7A       		.byte	0x7a
 559 03fa 06       		.uleb128 0x6
 560 03fb A8090000 		.4byte	.LASF87
 561 03ff 03       		.byte	0x3
 562 0400 86       		.byte	0x86
 563 0401 AF000000 		.4byte	0xaf
 564 0405 7C       		.byte	0x7c
 565 0406 06       		.uleb128 0x6
 566 0407 FE080000 		.4byte	.LASF88
 567 040b 03       		.byte	0x3
 568 040c 87       		.byte	0x87
 569 040d AF000000 		.4byte	0xaf
 570 0411 7D       		.byte	0x7d
ARM GAS  C:\Users\Bryce\AppData\Local\Temp\ccackKiG.s 			page 11


 571 0412 06       		.uleb128 0x6
 572 0413 26000000 		.4byte	.LASF89
 573 0417 03       		.byte	0x3
 574 0418 88       		.byte	0x88
 575 0419 AF000000 		.4byte	0xaf
 576 041d 7E       		.byte	0x7e
 577 041e 06       		.uleb128 0x6
 578 041f AE020000 		.4byte	.LASF90
 579 0423 03       		.byte	0x3
 580 0424 89       		.byte	0x89
 581 0425 AF000000 		.4byte	0xaf
 582 0429 7F       		.byte	0x7f
 583 042a 06       		.uleb128 0x6
 584 042b 40030000 		.4byte	.LASF91
 585 042f 03       		.byte	0x3
 586 0430 8A       		.byte	0x8a
 587 0431 AF000000 		.4byte	0xaf
 588 0435 80       		.byte	0x80
 589 0436 06       		.uleb128 0x6
 590 0437 BD040000 		.4byte	.LASF92
 591 043b 03       		.byte	0x3
 592 043c 8D       		.byte	0x8d
 593 043d DB000000 		.4byte	0xdb
 594 0441 84       		.byte	0x84
 595 0442 06       		.uleb128 0x6
 596 0443 EB010000 		.4byte	.LASF93
 597 0447 03       		.byte	0x3
 598 0448 8E       		.byte	0x8e
 599 0449 DB000000 		.4byte	0xdb
 600 044d 88       		.byte	0x88
 601 044e 06       		.uleb128 0x6
 602 044f 93090000 		.4byte	.LASF94
 603 0453 03       		.byte	0x3
 604 0454 8F       		.byte	0x8f
 605 0455 DB000000 		.4byte	0xdb
 606 0459 8C       		.byte	0x8c
 607 045a 06       		.uleb128 0x6
 608 045b 10050000 		.4byte	.LASF95
 609 045f 03       		.byte	0x3
 610 0460 90       		.byte	0x90
 611 0461 DB000000 		.4byte	0xdb
 612 0465 90       		.byte	0x90
 613 0466 06       		.uleb128 0x6
 614 0467 01030000 		.4byte	.LASF96
 615 046b 03       		.byte	0x3
 616 046c 91       		.byte	0x91
 617 046d DB000000 		.4byte	0xdb
 618 0471 94       		.byte	0x94
 619 0472 06       		.uleb128 0x6
 620 0473 A7040000 		.4byte	.LASF97
 621 0477 03       		.byte	0x3
 622 0478 92       		.byte	0x92
 623 0479 DB000000 		.4byte	0xdb
 624 047d 98       		.byte	0x98
 625 047e 06       		.uleb128 0x6
 626 047f 240A0000 		.4byte	.LASF98
 627 0483 03       		.byte	0x3
ARM GAS  C:\Users\Bryce\AppData\Local\Temp\ccackKiG.s 			page 12


 628 0484 93       		.byte	0x93
 629 0485 DB000000 		.4byte	0xdb
 630 0489 9C       		.byte	0x9c
 631 048a 06       		.uleb128 0x6
 632 048b 0F010000 		.4byte	.LASF99
 633 048f 03       		.byte	0x3
 634 0490 94       		.byte	0x94
 635 0491 DB000000 		.4byte	0xdb
 636 0495 A0       		.byte	0xa0
 637 0496 06       		.uleb128 0x6
 638 0497 A3010000 		.4byte	.LASF100
 639 049b 03       		.byte	0x3
 640 049c 95       		.byte	0x95
 641 049d C5000000 		.4byte	0xc5
 642 04a1 A4       		.byte	0xa4
 643 04a2 06       		.uleb128 0x6
 644 04a3 92040000 		.4byte	.LASF101
 645 04a7 03       		.byte	0x3
 646 04a8 96       		.byte	0x96
 647 04a9 C5000000 		.4byte	0xc5
 648 04ad A6       		.byte	0xa6
 649 04ae 06       		.uleb128 0x6
 650 04af 03070000 		.4byte	.LASF102
 651 04b3 03       		.byte	0x3
 652 04b4 97       		.byte	0x97
 653 04b5 C5000000 		.4byte	0xc5
 654 04b9 A8       		.byte	0xa8
 655 04ba 06       		.uleb128 0x6
 656 04bb 47080000 		.4byte	.LASF103
 657 04bf 03       		.byte	0x3
 658 04c0 98       		.byte	0x98
 659 04c1 C5000000 		.4byte	0xc5
 660 04c5 AA       		.byte	0xaa
 661 04c6 06       		.uleb128 0x6
 662 04c7 2F040000 		.4byte	.LASF104
 663 04cb 03       		.byte	0x3
 664 04cc 99       		.byte	0x99
 665 04cd C5000000 		.4byte	0xc5
 666 04d1 AC       		.byte	0xac
 667 04d2 06       		.uleb128 0x6
 668 04d3 80050000 		.4byte	.LASF105
 669 04d7 03       		.byte	0x3
 670 04d8 9A       		.byte	0x9a
 671 04d9 C5000000 		.4byte	0xc5
 672 04dd AE       		.byte	0xae
 673 04de 06       		.uleb128 0x6
 674 04df E3080000 		.4byte	.LASF106
 675 04e3 03       		.byte	0x3
 676 04e4 9D       		.byte	0x9d
 677 04e5 C5000000 		.4byte	0xc5
 678 04e9 B0       		.byte	0xb0
 679 04ea 06       		.uleb128 0x6
 680 04eb 39000000 		.4byte	.LASF107
 681 04ef 03       		.byte	0x3
 682 04f0 9E       		.byte	0x9e
 683 04f1 DB000000 		.4byte	0xdb
 684 04f5 B4       		.byte	0xb4
ARM GAS  C:\Users\Bryce\AppData\Local\Temp\ccackKiG.s 			page 13


 685 04f6 00       		.byte	0
 686 04f7 04       		.uleb128 0x4
 687 04f8 76040000 		.4byte	.LASF108
 688 04fc 03       		.byte	0x3
 689 04fd 9F       		.byte	0x9f
 690 04fe E6000000 		.4byte	0xe6
 691 0502 03       		.uleb128 0x3
 692 0503 04       		.byte	0x4
 693 0504 04       		.byte	0x4
 694 0505 E2060000 		.4byte	.LASF109
 695 0509 03       		.uleb128 0x3
 696 050a 08       		.byte	0x8
 697 050b 04       		.byte	0x4
 698 050c 4B020000 		.4byte	.LASF110
 699 0510 07       		.uleb128 0x7
 700 0511 02       		.byte	0x2
 701 0512 04       		.byte	0x4
 702 0513 6401     		.2byte	0x164
 703 0515 34050000 		.4byte	0x534
 704 0519 08       		.uleb128 0x8
 705 051a 3A0A0000 		.4byte	.LASF111
 706 051e 04       		.byte	0x4
 707 051f 6E01     		.2byte	0x16e
 708 0521 AF000000 		.4byte	0xaf
 709 0525 00       		.byte	0
 710 0526 08       		.uleb128 0x8
 711 0527 D4040000 		.4byte	.LASF112
 712 052b 04       		.byte	0x4
 713 052c 7201     		.2byte	0x172
 714 052e AF000000 		.4byte	0xaf
 715 0532 01       		.byte	0x1
 716 0533 00       		.byte	0
 717 0534 09       		.uleb128 0x9
 718 0535 A5000000 		.4byte	.LASF113
 719 0539 04       		.byte	0x4
 720 053a 7401     		.2byte	0x174
 721 053c 10050000 		.4byte	0x510
 722 0540 09       		.uleb128 0x9
 723 0541 E7040000 		.4byte	.LASF114
 724 0545 05       		.byte	0x5
 725 0546 7F01     		.2byte	0x17f
 726 0548 C5000000 		.4byte	0xc5
 727 054c 0A       		.uleb128 0xa
 728 054d 01       		.byte	0x1
 729 054e 4B000000 		.4byte	0x4b
 730 0552 06       		.byte	0x6
 731 0553 7E       		.byte	0x7e
 732 0554 71050000 		.4byte	0x571
 733 0558 0B       		.uleb128 0xb
 734 0559 72090000 		.4byte	.LASF115
 735 055d 00       		.byte	0
 736 055e 0B       		.uleb128 0xb
 737 055f 4A050000 		.4byte	.LASF116
 738 0563 01       		.byte	0x1
 739 0564 0B       		.uleb128 0xb
 740 0565 55090000 		.4byte	.LASF117
 741 0569 02       		.byte	0x2
ARM GAS  C:\Users\Bryce\AppData\Local\Temp\ccackKiG.s 			page 14


 742 056a 0B       		.uleb128 0xb
 743 056b B8010000 		.4byte	.LASF118
 744 056f 03       		.byte	0x3
 745 0570 00       		.byte	0
 746 0571 04       		.uleb128 0x4
 747 0572 10020000 		.4byte	.LASF119
 748 0576 06       		.byte	0x6
 749 0577 83       		.byte	0x83
 750 0578 4C050000 		.4byte	0x54c
 751 057c 0A       		.uleb128 0xa
 752 057d 01       		.byte	0x1
 753 057e 4B000000 		.4byte	0x4b
 754 0582 06       		.byte	0x6
 755 0583 87       		.byte	0x87
 756 0584 B9050000 		.4byte	0x5b9
 757 0588 0B       		.uleb128 0xb
 758 0589 0F090000 		.4byte	.LASF120
 759 058d 00       		.byte	0
 760 058e 0B       		.uleb128 0xb
 761 058f A10A0000 		.4byte	.LASF121
 762 0593 01       		.byte	0x1
 763 0594 0B       		.uleb128 0xb
 764 0595 6D030000 		.4byte	.LASF122
 765 0599 02       		.byte	0x2
 766 059a 0B       		.uleb128 0xb
 767 059b 16030000 		.4byte	.LASF123
 768 059f 03       		.byte	0x3
 769 05a0 0B       		.uleb128 0xb
 770 05a1 84020000 		.4byte	.LASF124
 771 05a5 04       		.byte	0x4
 772 05a6 0B       		.uleb128 0xb
 773 05a7 2D070000 		.4byte	.LASF125
 774 05ab 05       		.byte	0x5
 775 05ac 0B       		.uleb128 0xb
 776 05ad 89030000 		.4byte	.LASF126
 777 05b1 06       		.byte	0x6
 778 05b2 0B       		.uleb128 0xb
 779 05b3 BE060000 		.4byte	.LASF127
 780 05b7 07       		.byte	0x7
 781 05b8 00       		.byte	0
 782 05b9 04       		.uleb128 0x4
 783 05ba BE050000 		.4byte	.LASF128
 784 05be 06       		.byte	0x6
 785 05bf 90       		.byte	0x90
 786 05c0 7C050000 		.4byte	0x57c
 787 05c4 03       		.uleb128 0x3
 788 05c5 01       		.byte	0x1
 789 05c6 02       		.byte	0x2
 790 05c7 57070000 		.4byte	.LASF129
 791 05cb 05       		.uleb128 0x5
 792 05cc 06       		.byte	0x6
 793 05cd 07       		.byte	0x7
 794 05ce 3B       		.byte	0x3b
 795 05cf EC050000 		.4byte	0x5ec
 796 05d3 06       		.uleb128 0x6
 797 05d4 8C0A0000 		.4byte	.LASF130
 798 05d8 07       		.byte	0x7
ARM GAS  C:\Users\Bryce\AppData\Local\Temp\ccackKiG.s 			page 15


 799 05d9 3E       		.byte	0x3e
 800 05da 40050000 		.4byte	0x540
 801 05de 00       		.byte	0
 802 05df 06       		.uleb128 0x6
 803 05e0 E30A0000 		.4byte	.LASF131
 804 05e4 07       		.byte	0x7
 805 05e5 41       		.byte	0x41
 806 05e6 EC050000 		.4byte	0x5ec
 807 05ea 02       		.byte	0x2
 808 05eb 00       		.byte	0
 809 05ec 0C       		.uleb128 0xc
 810 05ed 40050000 		.4byte	0x540
 811 05f1 FC050000 		.4byte	0x5fc
 812 05f5 0D       		.uleb128 0xd
 813 05f6 A1000000 		.4byte	0xa1
 814 05fa 01       		.byte	0x1
 815 05fb 00       		.byte	0
 816 05fc 04       		.uleb128 0x4
 817 05fd 91070000 		.4byte	.LASF132
 818 0601 07       		.byte	0x7
 819 0602 43       		.byte	0x43
 820 0603 CB050000 		.4byte	0x5cb
 821 0607 05       		.uleb128 0x5
 822 0608 0E       		.byte	0xe
 823 0609 07       		.byte	0x7
 824 060a 46       		.byte	0x46
 825 060b 28060000 		.4byte	0x628
 826 060f 06       		.uleb128 0x6
 827 0610 BE000000 		.4byte	.LASF133
 828 0614 07       		.byte	0x7
 829 0615 49       		.byte	0x49
 830 0616 40050000 		.4byte	0x540
 831 061a 00       		.byte	0
 832 061b 06       		.uleb128 0x6
 833 061c D8020000 		.4byte	.LASF134
 834 0620 07       		.byte	0x7
 835 0621 4C       		.byte	0x4c
 836 0622 28060000 		.4byte	0x628
 837 0626 02       		.byte	0x2
 838 0627 00       		.byte	0
 839 0628 0C       		.uleb128 0xc
 840 0629 FC050000 		.4byte	0x5fc
 841 062d 38060000 		.4byte	0x638
 842 0631 0D       		.uleb128 0xd
 843 0632 A1000000 		.4byte	0xa1
 844 0636 01       		.byte	0x1
 845 0637 00       		.byte	0
 846 0638 04       		.uleb128 0x4
 847 0639 EE070000 		.4byte	.LASF135
 848 063d 07       		.byte	0x7
 849 063e 4E       		.byte	0x4e
 850 063f 07060000 		.4byte	0x607
 851 0643 05       		.uleb128 0x5
 852 0644 04       		.byte	0x4
 853 0645 07       		.byte	0x7
 854 0646 90       		.byte	0x90
 855 0647 58060000 		.4byte	0x658
ARM GAS  C:\Users\Bryce\AppData\Local\Temp\ccackKiG.s 			page 16


 856 064b 06       		.uleb128 0x6
 857 064c 70000000 		.4byte	.LASF136
 858 0650 07       		.byte	0x7
 859 0651 94       		.byte	0x94
 860 0652 58060000 		.4byte	0x658
 861 0656 00       		.byte	0
 862 0657 00       		.byte	0
 863 0658 0E       		.uleb128 0xe
 864 0659 04       		.byte	0x4
 865 065a 5E060000 		.4byte	0x65e
 866 065e 0F       		.uleb128 0xf
 867 065f 38060000 		.4byte	0x638
 868 0663 04       		.uleb128 0x4
 869 0664 D3070000 		.4byte	.LASF137
 870 0668 07       		.byte	0x7
 871 0669 9B       		.byte	0x9b
 872 066a 43060000 		.4byte	0x643
 873 066e 0C       		.uleb128 0xc
 874 066f 5E060000 		.4byte	0x65e
 875 0673 7E060000 		.4byte	0x67e
 876 0677 0D       		.uleb128 0xd
 877 0678 A1000000 		.4byte	0xa1
 878 067c 00       		.byte	0
 879 067d 00       		.byte	0
 880 067e 10       		.uleb128 0x10
 881 067f 4E040000 		.4byte	.LASF148
 882 0683 09       		.byte	0x9
 883 0684 1A       		.byte	0x1a
 884 0685 8F060000 		.4byte	0x68f
 885 0689 05       		.uleb128 0x5
 886 068a 03       		.byte	0x3
 887 068b 00000000 		.4byte	cy_ble_customs
 888 068f 0F       		.uleb128 0xf
 889 0690 6E060000 		.4byte	0x66e
 890 0694 11       		.uleb128 0x11
 891 0695 F9060000 		.4byte	.LASF138
 892 0699 03       		.byte	0x3
 893 069a A7       		.byte	0xa7
 894 069b 9F060000 		.4byte	0x69f
 895 069f 0E       		.uleb128 0xe
 896 06a0 04       		.byte	0x4
 897 06a1 A5060000 		.4byte	0x6a5
 898 06a5 0F       		.uleb128 0xf
 899 06a6 F7040000 		.4byte	0x4f7
 900 06aa 12       		.uleb128 0x12
 901 06ab 25010000 		.4byte	.LASF139
 902 06af 08       		.byte	0x8
 903 06b0 F907     		.2byte	0x7f9
 904 06b2 B6060000 		.4byte	0x6b6
 905 06b6 13       		.uleb128 0x13
 906 06b7 D0000000 		.4byte	0xd0
 907 06bb 12       		.uleb128 0x12
 908 06bc 96080000 		.4byte	.LASF140
 909 06c0 06       		.byte	0x6
 910 06c1 2202     		.2byte	0x222
 911 06c3 71050000 		.4byte	0x571
 912 06c7 0C       		.uleb128 0xc
ARM GAS  C:\Users\Bryce\AppData\Local\Temp\ccackKiG.s 			page 17


 913 06c8 34050000 		.4byte	0x534
 914 06cc D7060000 		.4byte	0x6d7
 915 06d0 0D       		.uleb128 0xd
 916 06d1 A1000000 		.4byte	0xa1
 917 06d5 00       		.byte	0
 918 06d6 00       		.byte	0
 919 06d7 12       		.uleb128 0x12
 920 06d8 2E090000 		.4byte	.LASF141
 921 06dc 06       		.byte	0x6
 922 06dd 2C02     		.2byte	0x22c
 923 06df C7060000 		.4byte	0x6c7
 924 06e3 0C       		.uleb128 0xc
 925 06e4 B9050000 		.4byte	0x5b9
 926 06e8 F3060000 		.4byte	0x6f3
 927 06ec 0D       		.uleb128 0xd
 928 06ed A1000000 		.4byte	0xa1
 929 06f1 00       		.byte	0
 930 06f2 00       		.byte	0
 931 06f3 12       		.uleb128 0x12
 932 06f4 3D040000 		.4byte	.LASF142
 933 06f8 06       		.byte	0x6
 934 06f9 2D02     		.2byte	0x22d
 935 06fb E3060000 		.4byte	0x6e3
 936 06ff 12       		.uleb128 0x12
 937 0700 60080000 		.4byte	.LASF143
 938 0704 06       		.byte	0x6
 939 0705 5202     		.2byte	0x252
 940 0707 AF000000 		.4byte	0xaf
 941 070b 14       		.uleb128 0x14
 942 070c 8E050000 		.4byte	.LASF144
 943 0710 09       		.byte	0x9
 944 0711 48       		.byte	0x48
 945 0712 63060000 		.4byte	0x663
 946 0716 05       		.uleb128 0x5
 947 0717 03       		.byte	0x3
 948 0718 00000000 		.4byte	cy_ble_customConfig
 949 071c 00       		.byte	0
 950              		.section	.debug_abbrev,"",%progbits
 951              	.Ldebug_abbrev0:
 952 0000 01       		.uleb128 0x1
 953 0001 11       		.uleb128 0x11
 954 0002 01       		.byte	0x1
 955 0003 25       		.uleb128 0x25
 956 0004 0E       		.uleb128 0xe
 957 0005 13       		.uleb128 0x13
 958 0006 0B       		.uleb128 0xb
 959 0007 03       		.uleb128 0x3
 960 0008 0E       		.uleb128 0xe
 961 0009 1B       		.uleb128 0x1b
 962 000a 0E       		.uleb128 0xe
 963 000b 10       		.uleb128 0x10
 964 000c 17       		.uleb128 0x17
 965 000d 00       		.byte	0
 966 000e 00       		.byte	0
 967 000f 02       		.uleb128 0x2
 968 0010 24       		.uleb128 0x24
 969 0011 00       		.byte	0
ARM GAS  C:\Users\Bryce\AppData\Local\Temp\ccackKiG.s 			page 18


 970 0012 0B       		.uleb128 0xb
 971 0013 0B       		.uleb128 0xb
 972 0014 3E       		.uleb128 0x3e
 973 0015 0B       		.uleb128 0xb
 974 0016 03       		.uleb128 0x3
 975 0017 08       		.uleb128 0x8
 976 0018 00       		.byte	0
 977 0019 00       		.byte	0
 978 001a 03       		.uleb128 0x3
 979 001b 24       		.uleb128 0x24
 980 001c 00       		.byte	0
 981 001d 0B       		.uleb128 0xb
 982 001e 0B       		.uleb128 0xb
 983 001f 3E       		.uleb128 0x3e
 984 0020 0B       		.uleb128 0xb
 985 0021 03       		.uleb128 0x3
 986 0022 0E       		.uleb128 0xe
 987 0023 00       		.byte	0
 988 0024 00       		.byte	0
 989 0025 04       		.uleb128 0x4
 990 0026 16       		.uleb128 0x16
 991 0027 00       		.byte	0
 992 0028 03       		.uleb128 0x3
 993 0029 0E       		.uleb128 0xe
 994 002a 3A       		.uleb128 0x3a
 995 002b 0B       		.uleb128 0xb
 996 002c 3B       		.uleb128 0x3b
 997 002d 0B       		.uleb128 0xb
 998 002e 49       		.uleb128 0x49
 999 002f 13       		.uleb128 0x13
 1000 0030 00       		.byte	0
 1001 0031 00       		.byte	0
 1002 0032 05       		.uleb128 0x5
 1003 0033 13       		.uleb128 0x13
 1004 0034 01       		.byte	0x1
 1005 0035 0B       		.uleb128 0xb
 1006 0036 0B       		.uleb128 0xb
 1007 0037 3A       		.uleb128 0x3a
 1008 0038 0B       		.uleb128 0xb
 1009 0039 3B       		.uleb128 0x3b
 1010 003a 0B       		.uleb128 0xb
 1011 003b 01       		.uleb128 0x1
 1012 003c 13       		.uleb128 0x13
 1013 003d 00       		.byte	0
 1014 003e 00       		.byte	0
 1015 003f 06       		.uleb128 0x6
 1016 0040 0D       		.uleb128 0xd
 1017 0041 00       		.byte	0
 1018 0042 03       		.uleb128 0x3
 1019 0043 0E       		.uleb128 0xe
 1020 0044 3A       		.uleb128 0x3a
 1021 0045 0B       		.uleb128 0xb
 1022 0046 3B       		.uleb128 0x3b
 1023 0047 0B       		.uleb128 0xb
 1024 0048 49       		.uleb128 0x49
 1025 0049 13       		.uleb128 0x13
 1026 004a 38       		.uleb128 0x38
ARM GAS  C:\Users\Bryce\AppData\Local\Temp\ccackKiG.s 			page 19


 1027 004b 0B       		.uleb128 0xb
 1028 004c 00       		.byte	0
 1029 004d 00       		.byte	0
 1030 004e 07       		.uleb128 0x7
 1031 004f 13       		.uleb128 0x13
 1032 0050 01       		.byte	0x1
 1033 0051 0B       		.uleb128 0xb
 1034 0052 0B       		.uleb128 0xb
 1035 0053 3A       		.uleb128 0x3a
 1036 0054 0B       		.uleb128 0xb
 1037 0055 3B       		.uleb128 0x3b
 1038 0056 05       		.uleb128 0x5
 1039 0057 01       		.uleb128 0x1
 1040 0058 13       		.uleb128 0x13
 1041 0059 00       		.byte	0
 1042 005a 00       		.byte	0
 1043 005b 08       		.uleb128 0x8
 1044 005c 0D       		.uleb128 0xd
 1045 005d 00       		.byte	0
 1046 005e 03       		.uleb128 0x3
 1047 005f 0E       		.uleb128 0xe
 1048 0060 3A       		.uleb128 0x3a
 1049 0061 0B       		.uleb128 0xb
 1050 0062 3B       		.uleb128 0x3b
 1051 0063 05       		.uleb128 0x5
 1052 0064 49       		.uleb128 0x49
 1053 0065 13       		.uleb128 0x13
 1054 0066 38       		.uleb128 0x38
 1055 0067 0B       		.uleb128 0xb
 1056 0068 00       		.byte	0
 1057 0069 00       		.byte	0
 1058 006a 09       		.uleb128 0x9
 1059 006b 16       		.uleb128 0x16
 1060 006c 00       		.byte	0
 1061 006d 03       		.uleb128 0x3
 1062 006e 0E       		.uleb128 0xe
 1063 006f 3A       		.uleb128 0x3a
 1064 0070 0B       		.uleb128 0xb
 1065 0071 3B       		.uleb128 0x3b
 1066 0072 05       		.uleb128 0x5
 1067 0073 49       		.uleb128 0x49
 1068 0074 13       		.uleb128 0x13
 1069 0075 00       		.byte	0
 1070 0076 00       		.byte	0
 1071 0077 0A       		.uleb128 0xa
 1072 0078 04       		.uleb128 0x4
 1073 0079 01       		.byte	0x1
 1074 007a 0B       		.uleb128 0xb
 1075 007b 0B       		.uleb128 0xb
 1076 007c 49       		.uleb128 0x49
 1077 007d 13       		.uleb128 0x13
 1078 007e 3A       		.uleb128 0x3a
 1079 007f 0B       		.uleb128 0xb
 1080 0080 3B       		.uleb128 0x3b
 1081 0081 0B       		.uleb128 0xb
 1082 0082 01       		.uleb128 0x1
 1083 0083 13       		.uleb128 0x13
ARM GAS  C:\Users\Bryce\AppData\Local\Temp\ccackKiG.s 			page 20


 1084 0084 00       		.byte	0
 1085 0085 00       		.byte	0
 1086 0086 0B       		.uleb128 0xb
 1087 0087 28       		.uleb128 0x28
 1088 0088 00       		.byte	0
 1089 0089 03       		.uleb128 0x3
 1090 008a 0E       		.uleb128 0xe
 1091 008b 1C       		.uleb128 0x1c
 1092 008c 0B       		.uleb128 0xb
 1093 008d 00       		.byte	0
 1094 008e 00       		.byte	0
 1095 008f 0C       		.uleb128 0xc
 1096 0090 01       		.uleb128 0x1
 1097 0091 01       		.byte	0x1
 1098 0092 49       		.uleb128 0x49
 1099 0093 13       		.uleb128 0x13
 1100 0094 01       		.uleb128 0x1
 1101 0095 13       		.uleb128 0x13
 1102 0096 00       		.byte	0
 1103 0097 00       		.byte	0
 1104 0098 0D       		.uleb128 0xd
 1105 0099 21       		.uleb128 0x21
 1106 009a 00       		.byte	0
 1107 009b 49       		.uleb128 0x49
 1108 009c 13       		.uleb128 0x13
 1109 009d 2F       		.uleb128 0x2f
 1110 009e 0B       		.uleb128 0xb
 1111 009f 00       		.byte	0
 1112 00a0 00       		.byte	0
 1113 00a1 0E       		.uleb128 0xe
 1114 00a2 0F       		.uleb128 0xf
 1115 00a3 00       		.byte	0
 1116 00a4 0B       		.uleb128 0xb
 1117 00a5 0B       		.uleb128 0xb
 1118 00a6 49       		.uleb128 0x49
 1119 00a7 13       		.uleb128 0x13
 1120 00a8 00       		.byte	0
 1121 00a9 00       		.byte	0
 1122 00aa 0F       		.uleb128 0xf
 1123 00ab 26       		.uleb128 0x26
 1124 00ac 00       		.byte	0
 1125 00ad 49       		.uleb128 0x49
 1126 00ae 13       		.uleb128 0x13
 1127 00af 00       		.byte	0
 1128 00b0 00       		.byte	0
 1129 00b1 10       		.uleb128 0x10
 1130 00b2 34       		.uleb128 0x34
 1131 00b3 00       		.byte	0
 1132 00b4 03       		.uleb128 0x3
 1133 00b5 0E       		.uleb128 0xe
 1134 00b6 3A       		.uleb128 0x3a
 1135 00b7 0B       		.uleb128 0xb
 1136 00b8 3B       		.uleb128 0x3b
 1137 00b9 0B       		.uleb128 0xb
 1138 00ba 49       		.uleb128 0x49
 1139 00bb 13       		.uleb128 0x13
 1140 00bc 02       		.uleb128 0x2
ARM GAS  C:\Users\Bryce\AppData\Local\Temp\ccackKiG.s 			page 21


 1141 00bd 18       		.uleb128 0x18
 1142 00be 00       		.byte	0
 1143 00bf 00       		.byte	0
 1144 00c0 11       		.uleb128 0x11
 1145 00c1 34       		.uleb128 0x34
 1146 00c2 00       		.byte	0
 1147 00c3 03       		.uleb128 0x3
 1148 00c4 0E       		.uleb128 0xe
 1149 00c5 3A       		.uleb128 0x3a
 1150 00c6 0B       		.uleb128 0xb
 1151 00c7 3B       		.uleb128 0x3b
 1152 00c8 0B       		.uleb128 0xb
 1153 00c9 49       		.uleb128 0x49
 1154 00ca 13       		.uleb128 0x13
 1155 00cb 3F       		.uleb128 0x3f
 1156 00cc 19       		.uleb128 0x19
 1157 00cd 3C       		.uleb128 0x3c
 1158 00ce 19       		.uleb128 0x19
 1159 00cf 00       		.byte	0
 1160 00d0 00       		.byte	0
 1161 00d1 12       		.uleb128 0x12
 1162 00d2 34       		.uleb128 0x34
 1163 00d3 00       		.byte	0
 1164 00d4 03       		.uleb128 0x3
 1165 00d5 0E       		.uleb128 0xe
 1166 00d6 3A       		.uleb128 0x3a
 1167 00d7 0B       		.uleb128 0xb
 1168 00d8 3B       		.uleb128 0x3b
 1169 00d9 05       		.uleb128 0x5
 1170 00da 49       		.uleb128 0x49
 1171 00db 13       		.uleb128 0x13
 1172 00dc 3F       		.uleb128 0x3f
 1173 00dd 19       		.uleb128 0x19
 1174 00de 3C       		.uleb128 0x3c
 1175 00df 19       		.uleb128 0x19
 1176 00e0 00       		.byte	0
 1177 00e1 00       		.byte	0
 1178 00e2 13       		.uleb128 0x13
 1179 00e3 35       		.uleb128 0x35
 1180 00e4 00       		.byte	0
 1181 00e5 49       		.uleb128 0x49
 1182 00e6 13       		.uleb128 0x13
 1183 00e7 00       		.byte	0
 1184 00e8 00       		.byte	0
 1185 00e9 14       		.uleb128 0x14
 1186 00ea 34       		.uleb128 0x34
 1187 00eb 00       		.byte	0
 1188 00ec 03       		.uleb128 0x3
 1189 00ed 0E       		.uleb128 0xe
 1190 00ee 3A       		.uleb128 0x3a
 1191 00ef 0B       		.uleb128 0xb
 1192 00f0 3B       		.uleb128 0x3b
 1193 00f1 0B       		.uleb128 0xb
 1194 00f2 49       		.uleb128 0x49
 1195 00f3 13       		.uleb128 0x13
 1196 00f4 3F       		.uleb128 0x3f
 1197 00f5 19       		.uleb128 0x19
ARM GAS  C:\Users\Bryce\AppData\Local\Temp\ccackKiG.s 			page 22


 1198 00f6 02       		.uleb128 0x2
 1199 00f7 18       		.uleb128 0x18
 1200 00f8 00       		.byte	0
 1201 00f9 00       		.byte	0
 1202 00fa 00       		.byte	0
 1203              		.section	.debug_aranges,"",%progbits
 1204 0000 14000000 		.4byte	0x14
 1205 0004 0200     		.2byte	0x2
 1206 0006 00000000 		.4byte	.Ldebug_info0
 1207 000a 04       		.byte	0x4
 1208 000b 00       		.byte	0
 1209 000c 0000     		.2byte	0
 1210 000e 0000     		.2byte	0
 1211 0010 00000000 		.4byte	0
 1212 0014 00000000 		.4byte	0
 1213              		.section	.debug_line,"",%progbits
 1214              	.Ldebug_line0:
 1215 0000 3F020000 		.section	.debug_str,"MS",%progbits,1
 1215      02003902 
 1215      00000201 
 1215      FB0E0D00 
 1215      01010101 
 1216              	.LASF57:
 1217 0000 70726F74 		.ascii	"protBusMasterMask\000"
 1217      4275734D 
 1217      61737465 
 1217      724D6173 
 1217      6B00
 1218              	.LASF67:
 1219 0012 666C6173 		.ascii	"flashCtlMainWs3Freq\000"
 1219      6843746C 
 1219      4D61696E 
 1219      57733346 
 1219      72657100 
 1220              	.LASF89:
 1221 0026 6770696F 		.ascii	"gpioPrtCfgInOffset\000"
 1221      50727443 
 1221      6667496E 
 1221      4F666673 
 1221      657400
 1222              	.LASF107:
 1223 0039 6970634C 		.ascii	"ipcLockStatusOffset\000"
 1223      6F636B53 
 1223      74617475 
 1223      734F6666 
 1223      73657400 
 1224              	.LASF33:
 1225 004d 63727970 		.ascii	"cryptoVersion\000"
 1225      746F5665 
 1225      7273696F 
 1225      6E00
 1226              	.LASF51:
 1227 005b 70657269 		.ascii	"periClockNr\000"
 1227      436C6F63 
 1227      6B4E7200 
 1228              	.LASF29:
 1229 0067 70617373 		.ascii	"passBase\000"
ARM GAS  C:\Users\Bryce\AppData\Local\Temp\ccackKiG.s 			page 23


 1229      42617365 
 1229      00
 1230              	.LASF136:
 1231 0070 63757374 		.ascii	"customs\000"
 1231      6F6D7300 
 1232              	.LASF42:
 1233 0078 63707573 		.ascii	"cpussIpcIrqNr\000"
 1233      73497063 
 1233      4972714E 
 1233      7200
 1234              	.LASF5:
 1235 0086 5F5F7569 		.ascii	"__uint8_t\000"
 1235      6E74385F 
 1235      7400
 1236              	.LASF86:
 1237 0090 70657269 		.ascii	"periDiv24_5CtlOffset\000"
 1237      44697632 
 1237      345F3543 
 1237      746C4F66 
 1237      66736574 
 1238              	.LASF113:
 1239 00a5 63795F73 		.ascii	"cy_stc_ble_conn_handle_t\000"
 1239      74635F62 
 1239      6C655F63 
 1239      6F6E6E5F 
 1239      68616E64 
 1240              	.LASF133:
 1241 00be 63757374 		.ascii	"customServHandle\000"
 1241      6F6D5365 
 1241      72764861 
 1241      6E646C65 
 1241      00
 1242              	.LASF22:
 1243 00cf 63707573 		.ascii	"cpussBase\000"
 1243      73426173 
 1243      6500
 1244              	.LASF71:
 1245 00d9 64774368 		.ascii	"dwChCtlPrioPos\000"
 1245      43746C50 
 1245      72696F50 
 1245      6F7300
 1246              	.LASF14:
 1247 00e8 6C6F6E67 		.ascii	"long long unsigned int\000"
 1247      206C6F6E 
 1247      6720756E 
 1247      7369676E 
 1247      65642069 
 1248              	.LASF75:
 1249 00ff 70657269 		.ascii	"periTrCmdOffset\000"
 1249      5472436D 
 1249      644F6666 
 1249      73657400 
 1250              	.LASF99:
 1251 010f 63707573 		.ascii	"cpussSysTickCtlOffset\000"
 1251      73537973 
 1251      5469636B 
 1251      43746C4F 
ARM GAS  C:\Users\Bryce\AppData\Local\Temp\ccackKiG.s 			page 24


 1251      66667365 
 1252              	.LASF139:
 1253 0125 49544D5F 		.ascii	"ITM_RxBuffer\000"
 1253      52784275 
 1253      66666572 
 1253      00
 1254              	.LASF60:
 1255 0132 666C6173 		.ascii	"flashPipeRequired\000"
 1255      68506970 
 1255      65526571 
 1255      75697265 
 1255      6400
 1256              	.LASF64:
 1257 0144 666C6173 		.ascii	"flashCtlMainWs0Freq\000"
 1257      6843746C 
 1257      4D61696E 
 1257      57733046 
 1257      72657100 
 1258              	.LASF18:
 1259 0158 696E7431 		.ascii	"int16_t\000"
 1259      365F7400 
 1260              	.LASF1:
 1261 0160 6C6F6E67 		.ascii	"long long int\000"
 1261      206C6F6E 
 1261      6720696E 
 1261      7400
 1262              	.LASF3:
 1263 016e 7369676E 		.ascii	"signed char\000"
 1263      65642063 
 1263      68617200 
 1264              	.LASF80:
 1265 017a 70657269 		.ascii	"periDivCmdTypeSelPos\000"
 1265      44697643 
 1265      6D645479 
 1265      70655365 
 1265      6C506F73 
 1266              	.LASF26:
 1267 018f 70726F74 		.ascii	"protBase\000"
 1267      42617365 
 1267      00
 1268              	.LASF38:
 1269 0198 69706356 		.ascii	"ipcVersion\000"
 1269      65727369 
 1269      6F6E00
 1270              	.LASF100:
 1271 01a3 63707573 		.ascii	"cpussCm0NmiCtlOffset\000"
 1271      73436D30 
 1271      4E6D6943 
 1271      746C4F66 
 1271      66736574 
 1272              	.LASF118:
 1273 01b8 43595F42 		.ascii	"CY_BLE_ADV_STATE_STOP_INITIATED\000"
 1273      4C455F41 
 1273      44565F53 
 1273      54415445 
 1273      5F53544F 
 1274              	.LASF27:
ARM GAS  C:\Users\Bryce\AppData\Local\Temp\ccackKiG.s 			page 25


 1275 01d8 6873696F 		.ascii	"hsiomBase\000"
 1275      6D426173 
 1275      6500
 1276              	.LASF11:
 1277 01e2 6C6F6E67 		.ascii	"long int\000"
 1277      20696E74 
 1277      00
 1278              	.LASF93:
 1279 01eb 63707573 		.ascii	"cpussCm4ClockCtlOffset\000"
 1279      73436D34 
 1279      436C6F63 
 1279      6B43746C 
 1279      4F666673 
 1280              	.LASF58:
 1281 0202 63727970 		.ascii	"cryptoMemSize\000"
 1281      746F4D65 
 1281      6D53697A 
 1281      6500
 1282              	.LASF119:
 1283 0210 63795F65 		.ascii	"cy_en_ble_adv_state_t\000"
 1283      6E5F626C 
 1283      655F6164 
 1283      765F7374 
 1283      6174655F 
 1284              	.LASF24:
 1285 0226 70657269 		.ascii	"periBase\000"
 1285      42617365 
 1285      00
 1286              	.LASF56:
 1287 022f 73797350 		.ascii	"sysPmSimoPresent\000"
 1287      6D53696D 
 1287      6F507265 
 1287      73656E74 
 1287      00
 1288              	.LASF46:
 1289 0240 63707573 		.ascii	"cpussFmIrq\000"
 1289      73466D49 
 1289      727100
 1290              	.LASF110:
 1291 024b 646F7562 		.ascii	"double\000"
 1291      6C6500
 1292              	.LASF85:
 1293 0252 70657269 		.ascii	"periDiv16_5CtlOffset\000"
 1293      44697631 
 1293      365F3543 
 1293      746C4F66 
 1293      66736574 
 1294              	.LASF49:
 1295 0267 73727373 		.ascii	"srssNumPll\000"
 1295      4E756D50 
 1295      6C6C00
 1296              	.LASF83:
 1297 0272 70657269 		.ascii	"periDiv8CtlOffset\000"
 1297      44697638 
 1297      43746C4F 
 1297      66667365 
 1297      7400
ARM GAS  C:\Users\Bryce\AppData\Local\Temp\ccackKiG.s 			page 26


 1298              	.LASF124:
 1299 0284 43595F42 		.ascii	"CY_BLE_CONN_STATE_CLIENT_INCL_DISCOVERING\000"
 1299      4C455F43 
 1299      4F4E4E5F 
 1299      53544154 
 1299      455F434C 
 1300              	.LASF90:
 1301 02ae 6770696F 		.ascii	"gpioPrtCfgOutOffset\000"
 1301      50727443 
 1301      66674F75 
 1301      744F6666 
 1301      73657400 
 1302              	.LASF23:
 1303 02c2 666C6173 		.ascii	"flashcBase\000"
 1303      68634261 
 1303      736500
 1304              	.LASF12:
 1305 02cd 5F5F7569 		.ascii	"__uint32_t\000"
 1305      6E743332 
 1305      5F7400
 1306              	.LASF134:
 1307 02d8 63757374 		.ascii	"customServInfo\000"
 1307      6F6D5365 
 1307      7276496E 
 1307      666F00
 1308              	.LASF53:
 1309 02e7 70617373 		.ascii	"passSarChannels\000"
 1309      53617243 
 1309      68616E6E 
 1309      656C7300 
 1310              	.LASF6:
 1311 02f7 5F5F696E 		.ascii	"__int16_t\000"
 1311      7431365F 
 1311      7400
 1312              	.LASF96:
 1313 0301 63707573 		.ascii	"cpussCm4PwrCtlOffset\000"
 1313      73436D34 
 1313      50777243 
 1313      746C4F66 
 1313      66736574 
 1314              	.LASF123:
 1315 0316 43595F42 		.ascii	"CY_BLE_CONN_STATE_CLIENT_SRVC_DISCOVERING\000"
 1315      4C455F43 
 1315      4F4E4E5F 
 1315      53544154 
 1315      455F434C 
 1316              	.LASF91:
 1317 0340 6770696F 		.ascii	"gpioPrtCfgSioOffset\000"
 1317      50727443 
 1317      66675369 
 1317      6F4F6666 
 1317      73657400 
 1318              	.LASF43:
 1319 0354 63707573 		.ascii	"cpussDwChNr\000"
 1319      73447743 
 1319      684E7200 
 1320              	.LASF0:
ARM GAS  C:\Users\Bryce\AppData\Local\Temp\ccackKiG.s 			page 27


 1321 0360 756E7369 		.ascii	"unsigned int\000"
 1321      676E6564 
 1321      20696E74 
 1321      00
 1322              	.LASF122:
 1323 036d 43595F42 		.ascii	"CY_BLE_CONN_STATE_CONNECTED\000"
 1323      4C455F43 
 1323      4F4E4E5F 
 1323      53544154 
 1323      455F434F 
 1324              	.LASF126:
 1325 0389 43595F42 		.ascii	"CY_BLE_CONN_STATE_CLIENT_DESCR_DISCOVERING\000"
 1325      4C455F43 
 1325      4F4E4E5F 
 1325      53544154 
 1325      455F434C 
 1326              	.LASF19:
 1327 03b4 75696E74 		.ascii	"uint16_t\000"
 1327      31365F74 
 1327      00
 1328              	.LASF76:
 1329 03bd 70657269 		.ascii	"periTrCmdGrSelMsk\000"
 1329      5472436D 
 1329      64477253 
 1329      656C4D73 
 1329      6B00
 1330              	.LASF13:
 1331 03cf 6C6F6E67 		.ascii	"long unsigned int\000"
 1331      20756E73 
 1331      69676E65 
 1331      6420696E 
 1331      7400
 1332              	.LASF41:
 1333 03e1 63707573 		.ascii	"cpussIpcNr\000"
 1333      73497063 
 1333      4E7200
 1334              	.LASF28:
 1335 03ec 6770696F 		.ascii	"gpioBase\000"
 1335      42617365 
 1335      00
 1336              	.LASF146:
 1337 03f5 47656E65 		.ascii	"Generated_Source\\PSoC6\\BLE_custom_config.c\000"
 1337      72617465 
 1337      645F536F 
 1337      75726365 
 1337      5C50536F 
 1338              	.LASF77:
 1339 0420 70657269 		.ascii	"periTrGrOffset\000"
 1339      54724772 
 1339      4F666673 
 1339      657400
 1340              	.LASF104:
 1341 042f 63707573 		.ascii	"cpussRam1Ctl0\000"
 1341      7352616D 
 1341      3143746C 
 1341      3000
 1342              	.LASF142:
ARM GAS  C:\Users\Bryce\AppData\Local\Temp\ccackKiG.s 			page 28


 1343 043d 63795F62 		.ascii	"cy_ble_connState\000"
 1343      6C655F63 
 1343      6F6E6E53 
 1343      74617465 
 1343      00
 1344              	.LASF148:
 1345 044e 63795F62 		.ascii	"cy_ble_customs\000"
 1345      6C655F63 
 1345      7573746F 
 1345      6D7300
 1346              	.LASF78:
 1347 045d 70657269 		.ascii	"periTrGrSize\000"
 1347      54724772 
 1347      53697A65 
 1347      00
 1348              	.LASF36:
 1349 046a 6770696F 		.ascii	"gpioVersion\000"
 1349      56657273 
 1349      696F6E00 
 1350              	.LASF108:
 1351 0476 63795F73 		.ascii	"cy_stc_device_t\000"
 1351      74635F64 
 1351      65766963 
 1351      655F7400 
 1352              	.LASF54:
 1353 0486 65704D6F 		.ascii	"epMonitorNr\000"
 1353      6E69746F 
 1353      724E7200 
 1354              	.LASF101:
 1355 0492 63707573 		.ascii	"cpussCm4NmiCtlOffset\000"
 1355      73436D34 
 1355      4E6D6943 
 1355      746C4F66 
 1355      66736574 
 1356              	.LASF97:
 1357 04a7 63707573 		.ascii	"cpussTrimRamCtlOffset\000"
 1357      73547269 
 1357      6D52616D 
 1357      43746C4F 
 1357      66667365 
 1358              	.LASF92:
 1359 04bd 63707573 		.ascii	"cpussCm0ClockCtlOffset\000"
 1359      73436D30 
 1359      436C6F63 
 1359      6B43746C 
 1359      4F666673 
 1360              	.LASF112:
 1361 04d4 61747449 		.ascii	"attId\000"
 1361      6400
 1362              	.LASF32:
 1363 04da 63707573 		.ascii	"cpussVersion\000"
 1363      73566572 
 1363      73696F6E 
 1363      00
 1364              	.LASF114:
 1365 04e7 63795F62 		.ascii	"cy_ble_gatt_db_attr_handle_t\000"
 1365      6C655F67 
ARM GAS  C:\Users\Bryce\AppData\Local\Temp\ccackKiG.s 			page 29


 1365      6174745F 
 1365      64625F61 
 1365      7474725F 
 1366              	.LASF39:
 1367 0504 70657269 		.ascii	"periVersion\000"
 1367      56657273 
 1367      696F6E00 
 1368              	.LASF95:
 1369 0510 63707573 		.ascii	"cpussCm0StatusOffset\000"
 1369      73436D30 
 1369      53746174 
 1369      75734F66 
 1369      66736574 
 1370              	.LASF15:
 1371 0525 73697A65 		.ascii	"sizetype\000"
 1371      74797065 
 1371      00
 1372              	.LASF69:
 1373 052e 64774368 		.ascii	"dwChOffset\000"
 1373      4F666673 
 1373      657400
 1374              	.LASF44:
 1375 0539 63707573 		.ascii	"cpussFlashPaSize\000"
 1375      73466C61 
 1375      73685061 
 1375      53697A65 
 1375      00
 1376              	.LASF116:
 1377 054a 43595F42 		.ascii	"CY_BLE_ADV_STATE_ADV_INITIATED\000"
 1377      4C455F41 
 1377      44565F53 
 1377      54415445 
 1377      5F414456 
 1378              	.LASF82:
 1379 0569 70657269 		.ascii	"periDivCmdPaTypeSelPos\000"
 1379      44697643 
 1379      6D645061 
 1379      54797065 
 1379      53656C50 
 1380              	.LASF105:
 1381 0580 63707573 		.ascii	"cpussRam2Ctl0\000"
 1381      7352616D 
 1381      3243746C 
 1381      3000
 1382              	.LASF144:
 1383 058e 63795F62 		.ascii	"cy_ble_customConfig\000"
 1383      6C655F63 
 1383      7573746F 
 1383      6D436F6E 
 1383      66696700 
 1384              	.LASF73:
 1385 05a2 64775374 		.ascii	"dwStatusChIdxPos\000"
 1385      61747573 
 1385      43684964 
 1385      78506F73 
 1385      00
 1386              	.LASF55:
ARM GAS  C:\Users\Bryce\AppData\Local\Temp\ccackKiG.s 			page 30


 1387 05b3 75646250 		.ascii	"udbPresent\000"
 1387      72657365 
 1387      6E7400
 1388              	.LASF128:
 1389 05be 63795F65 		.ascii	"cy_en_ble_conn_state_t\000"
 1389      6E5F626C 
 1389      655F636F 
 1389      6E6E5F73 
 1389      74617465 
 1390              	.LASF35:
 1391 05d5 666C6173 		.ascii	"flashcVersion\000"
 1391      68635665 
 1391      7273696F 
 1391      6E00
 1392              	.LASF31:
 1393 05e3 63727970 		.ascii	"cryptoBase\000"
 1393      746F4261 
 1393      736500
 1394              	.LASF52:
 1395 05ee 736D6966 		.ascii	"smifDeviceNr\000"
 1395      44657669 
 1395      63654E72 
 1395      00
 1396              	.LASF145:
 1397 05fb 474E5520 		.ascii	"GNU C11 5.4.1 20160609 (release) [ARM/embedded-5-br"
 1397      43313120 
 1397      352E342E 
 1397      31203230 
 1397      31363036 
 1398 062e 616E6368 		.ascii	"anch revision 237715] -mcpu=cortex-m4 -mfloat-abi=s"
 1398      20726576 
 1398      6973696F 
 1398      6E203233 
 1398      37373135 
 1399 0661 6F667466 		.ascii	"oftfp -mfpu=fpv4-sp-d16 -mthumb -g -Og -ffunction-s"
 1399      70202D6D 
 1399      6670753D 
 1399      66707634 
 1399      2D73702D 
 1400 0694 65637469 		.ascii	"ections -ffat-lto-objects\000"
 1400      6F6E7320 
 1400      2D666661 
 1400      742D6C74 
 1400      6F2D6F62 
 1401              	.LASF61:
 1402 06ae 666C6173 		.ascii	"flashWriteDelay\000"
 1402      68577269 
 1402      74654465 
 1402      6C617900 
 1403              	.LASF127:
 1404 06be 43595F42 		.ascii	"CY_BLE_CONN_STATE_CLIENT_DISCOVERED\000"
 1404      4C455F43 
 1404      4F4E4E5F 
 1404      53544154 
 1404      455F434C 
 1405              	.LASF109:
 1406 06e2 666C6F61 		.ascii	"float\000"
ARM GAS  C:\Users\Bryce\AppData\Local\Temp\ccackKiG.s 			page 31


 1406      7400
 1407              	.LASF74:
 1408 06e8 64775374 		.ascii	"dwStatusChIdxMsk\000"
 1408      61747573 
 1408      43684964 
 1408      784D736B 
 1408      00
 1409              	.LASF138:
 1410 06f9 63795F64 		.ascii	"cy_device\000"
 1410      65766963 
 1410      6500
 1411              	.LASF102:
 1412 0703 63707573 		.ascii	"cpussRomCtl\000"
 1412      73526F6D 
 1412      43746C00 
 1413              	.LASF72:
 1414 070f 64774368 		.ascii	"dwChCtlPreemptablePos\000"
 1414      43746C50 
 1414      7265656D 
 1414      70746162 
 1414      6C65506F 
 1415              	.LASF25:
 1416 0725 75646242 		.ascii	"udbBase\000"
 1416      61736500 
 1417              	.LASF125:
 1418 072d 43595F42 		.ascii	"CY_BLE_CONN_STATE_CLIENT_CHAR_DISCOVERING\000"
 1418      4C455F43 
 1418      4F4E4E5F 
 1418      53544154 
 1418      455F434C 
 1419              	.LASF129:
 1420 0757 5F426F6F 		.ascii	"_Bool\000"
 1420      6C00
 1421              	.LASF20:
 1422 075d 696E7433 		.ascii	"int32_t\000"
 1422      325F7400 
 1423              	.LASF4:
 1424 0765 756E7369 		.ascii	"unsigned char\000"
 1424      676E6564 
 1424      20636861 
 1424      7200
 1425              	.LASF68:
 1426 0773 666C6173 		.ascii	"flashCtlMainWs4Freq\000"
 1426      6843746C 
 1426      4D61696E 
 1426      57733446 
 1426      72657100 
 1427              	.LASF7:
 1428 0787 73686F72 		.ascii	"short int\000"
 1428      7420696E 
 1428      7400
 1429              	.LASF132:
 1430 0791 63795F73 		.ascii	"cy_stc_ble_customs_info_t\000"
 1430      74635F62 
 1430      6C655F63 
 1430      7573746F 
 1430      6D735F69 
ARM GAS  C:\Users\Bryce\AppData\Local\Temp\ccackKiG.s 			page 32


 1431              	.LASF79:
 1432 07ab 70657269 		.ascii	"periDivCmdDivSelMsk\000"
 1432      44697643 
 1432      6D644469 
 1432      7653656C 
 1432      4D736B00 
 1433              	.LASF66:
 1434 07bf 666C6173 		.ascii	"flashCtlMainWs2Freq\000"
 1434      6843746C 
 1434      4D61696E 
 1434      57733246 
 1434      72657100 
 1435              	.LASF137:
 1436 07d3 63795F73 		.ascii	"cy_stc_ble_custom_config_t\000"
 1436      74635F62 
 1436      6C655F63 
 1436      7573746F 
 1436      6D5F636F 
 1437              	.LASF135:
 1438 07ee 63795F73 		.ascii	"cy_stc_ble_customs_t\000"
 1438      74635F62 
 1438      6C655F63 
 1438      7573746F 
 1438      6D735F74 
 1439              	.LASF50:
 1440 0803 73727373 		.ascii	"srssNumHfroot\000"
 1440      4E756D48 
 1440      66726F6F 
 1440      7400
 1441              	.LASF63:
 1442 0811 666C6173 		.ascii	"flashEraseDelay\000"
 1442      68457261 
 1442      73654465 
 1442      6C617900 
 1443              	.LASF21:
 1444 0821 75696E74 		.ascii	"uint32_t\000"
 1444      33325F74 
 1444      00
 1445              	.LASF2:
 1446 082a 6C6F6E67 		.ascii	"long double\000"
 1446      20646F75 
 1446      626C6500 
 1447              	.LASF16:
 1448 0836 63686172 		.ascii	"char\000"
 1448      00
 1449              	.LASF40:
 1450 083b 70726F74 		.ascii	"protVersion\000"
 1450      56657273 
 1450      696F6E00 
 1451              	.LASF103:
 1452 0847 63707573 		.ascii	"cpussRam0Ctl0\000"
 1452      7352616D 
 1452      3043746C 
 1452      3000
 1453              	.LASF8:
 1454 0855 5F5F7569 		.ascii	"__uint16_t\000"
 1454      6E743136 
ARM GAS  C:\Users\Bryce\AppData\Local\Temp\ccackKiG.s 			page 33


 1454      5F7400
 1455              	.LASF143:
 1456 0860 63795F62 		.ascii	"cy_ble_pendingFlashWrite\000"
 1456      6C655F70 
 1456      656E6469 
 1456      6E67466C 
 1456      61736857 
 1457              	.LASF84:
 1458 0879 70657269 		.ascii	"periDiv16CtlOffset\000"
 1458      44697631 
 1458      3643746C 
 1458      4F666673 
 1458      657400
 1459              	.LASF10:
 1460 088c 5F5F696E 		.ascii	"__int32_t\000"
 1460      7433325F 
 1460      7400
 1461              	.LASF140:
 1462 0896 63795F62 		.ascii	"cy_ble_advState\000"
 1462      6C655F61 
 1462      64765374 
 1462      61746500 
 1463              	.LASF37:
 1464 08a6 6873696F 		.ascii	"hsiomVersion\000"
 1464      6D566572 
 1464      73696F6E 
 1464      00
 1465              	.LASF65:
 1466 08b3 666C6173 		.ascii	"flashCtlMainWs1Freq\000"
 1466      6843746C 
 1466      4D61696E 
 1466      57733146 
 1466      72657100 
 1467              	.LASF9:
 1468 08c7 73686F72 		.ascii	"short unsigned int\000"
 1468      7420756E 
 1468      7369676E 
 1468      65642069 
 1468      6E7400
 1469              	.LASF70:
 1470 08da 64774368 		.ascii	"dwChSize\000"
 1470      53697A65 
 1470      00
 1471              	.LASF106:
 1472 08e3 69706353 		.ascii	"ipcStructSize\000"
 1472      74727563 
 1472      7453697A 
 1472      6500
 1473              	.LASF45:
 1474 08f1 63707573 		.ascii	"cpussIpc0Irq\000"
 1474      73497063 
 1474      30497271 
 1474      00
 1475              	.LASF88:
 1476 08fe 6770696F 		.ascii	"gpioPrtCfgOffset\000"
 1476      50727443 
 1476      66674F66 
ARM GAS  C:\Users\Bryce\AppData\Local\Temp\ccackKiG.s 			page 34


 1476      66736574 
 1476      00
 1477              	.LASF120:
 1478 090f 43595F42 		.ascii	"CY_BLE_CONN_STATE_DISCONNECTED\000"
 1478      4C455F43 
 1478      4F4E4E5F 
 1478      53544154 
 1478      455F4449 
 1479              	.LASF141:
 1480 092e 63795F62 		.ascii	"cy_ble_connHandle\000"
 1480      6C655F63 
 1480      6F6E6E48 
 1480      616E646C 
 1480      6500
 1481              	.LASF47:
 1482 0940 63707573 		.ascii	"cpussNotConnectedIrq\000"
 1482      734E6F74 
 1482      436F6E6E 
 1482      65637465 
 1482      64497271 
 1483              	.LASF117:
 1484 0955 43595F42 		.ascii	"CY_BLE_ADV_STATE_ADVERTISING\000"
 1484      4C455F41 
 1484      44565F53 
 1484      54415445 
 1484      5F414456 
 1485              	.LASF115:
 1486 0972 43595F42 		.ascii	"CY_BLE_ADV_STATE_STOPPED\000"
 1486      4C455F41 
 1486      44565F53 
 1486      54415445 
 1486      5F53544F 
 1487              	.LASF17:
 1488 098b 75696E74 		.ascii	"uint8_t\000"
 1488      385F7400 
 1489              	.LASF94:
 1490 0993 63707573 		.ascii	"cpussCm4StatusOffset\000"
 1490      73436D34 
 1490      53746174 
 1490      75734F66 
 1490      66736574 
 1491              	.LASF87:
 1492 09a8 6770696F 		.ascii	"gpioPrtIntrCfgOffset\000"
 1492      50727449 
 1492      6E747243 
 1492      66674F66 
 1492      66736574 
 1493              	.LASF147:
 1494 09bd 433A5C55 		.ascii	"C:\\Users\\Bryce\\Documents2\\PisteNet\\fencing-ele"
 1494      73657273 
 1494      5C427279 
 1494      63655C44 
 1494      6F63756D 
 1495 09eb 6374726F 		.ascii	"ctronic-design-project-kilo\\firmware\\Fencing_Alph"
 1495      6E69632D 
 1495      64657369 
 1495      676E2D70 
ARM GAS  C:\Users\Bryce\AppData\Local\Temp\ccackKiG.s 			page 35


 1495      726F6A65 
 1496 0a1c 612E6379 		.ascii	"a.cydsn\000"
 1496      64736E00 
 1497              	.LASF98:
 1498 0a24 63707573 		.ascii	"cpussTrimRomCtlOffset\000"
 1498      73547269 
 1498      6D526F6D 
 1498      43746C4F 
 1498      66667365 
 1499              	.LASF111:
 1500 0a3a 62644861 		.ascii	"bdHandle\000"
 1500      6E646C65 
 1500      00
 1501              	.LASF48:
 1502 0a43 73727373 		.ascii	"srssNumClkpath\000"
 1502      4E756D43 
 1502      6C6B7061 
 1502      746800
 1503              	.LASF34:
 1504 0a52 64775665 		.ascii	"dwVersion\000"
 1504      7273696F 
 1504      6E00
 1505              	.LASF30:
 1506 0a5c 69706342 		.ascii	"ipcBase\000"
 1506      61736500 
 1507              	.LASF81:
 1508 0a64 70657269 		.ascii	"periDivCmdPaDivSelPos\000"
 1508      44697643 
 1508      6D645061 
 1508      44697653 
 1508      656C506F 
 1509              	.LASF62:
 1510 0a7a 666C6173 		.ascii	"flashProgramDelay\000"
 1510      6850726F 
 1510      6772616D 
 1510      44656C61 
 1510      7900
 1511              	.LASF130:
 1512 0a8c 63757374 		.ascii	"customServCharHandle\000"
 1512      6F6D5365 
 1512      72764368 
 1512      61724861 
 1512      6E646C65 
 1513              	.LASF121:
 1514 0aa1 43595F42 		.ascii	"CY_BLE_CONN_STATE_CLIENT_DISCONNECTED_DISCOVERED\000"
 1514      4C455F43 
 1514      4F4E4E5F 
 1514      53544154 
 1514      455F434C 
 1515              	.LASF59:
 1516 0ad2 666C6173 		.ascii	"flashRwwRequired\000"
 1516      68527777 
 1516      52657175 
 1516      69726564 
 1516      00
 1517              	.LASF131:
 1518 0ae3 63757374 		.ascii	"customServCharDesc\000"
ARM GAS  C:\Users\Bryce\AppData\Local\Temp\ccackKiG.s 			page 36


 1518      6F6D5365 
 1518      72764368 
 1518      61724465 
 1518      736300
 1519              		.ident	"GCC: (GNU Tools for ARM Embedded Processors) 5.4.1 20160609 (release) [ARM/embedded-5-bran
