ARM GAS  C:\Users\Bryce\AppData\Local\Temp\ccm71f8u.s 			page 1


   1              		.syntax unified
   2              		.cpu cortex-m4
   3              		.eabi_attribute 27, 1
   4              		.fpu fpv4-sp-d16
   5              		.eabi_attribute 20, 1
   6              		.eabi_attribute 21, 1
   7              		.eabi_attribute 23, 3
   8              		.eabi_attribute 24, 1
   9              		.eabi_attribute 25, 1
  10              		.eabi_attribute 26, 1
  11              		.eabi_attribute 30, 1
  12              		.eabi_attribute 34, 1
  13              		.eabi_attribute 18, 4
  14              		.thumb
  15              		.syntax unified
  16              		.file	"oldcode.c"
  17              		.text
  18              	.Ltext0:
  19              		.cfi_sections	.debug_frame
  20              	.Letext0:
  21              		.section	.debug_line,"",%progbits
  22              	.Ldebug_line0:
  23              		.section	.debug_str,"MS",%progbits,1
  24              	.LASF0:
  25 0000 6F6C6463 		.ascii	"oldcode.c\000"
  25      6F64652E 
  25      6300
  26              	.LASF1:
  27 000a 433A5C55 		.ascii	"C:\\Users\\Bryce\\Documents2\\PisteNet\\fencing-ele"
  27      73657273 
  27      5C427279 
  27      63655C44 
  27      6F63756D 
  28 0038 6374726F 		.ascii	"ctronic-design-project-kilo\\firmware\\Fencing_Alph"
  28      6E69632D 
  28      64657369 
  28      676E2D70 
  28      726F6A65 
  29 0069 612E6379 		.ascii	"a.cydsn\000"
  29      64736E00 
  30              	.LASF2:
  31 0071 474E5520 		.ascii	"GNU C11 5.4.1 20160609 (release) [ARM/embedded-5-br"
  31      43313120 
  31      352E342E 
  31      31203230 
  31      31363036 
  32 00a4 616E6368 		.ascii	"anch revision 237715] -mcpu=cortex-m4 -mfloat-abi=s"
  32      20726576 
  32      6973696F 
  32      6E203233 
  32      37373135 
  33 00d7 6F667466 		.ascii	"oftfp -mfpu=fpv4-sp-d16 -mthumb -g -Og -ffunction-s"
  33      70202D6D 
  33      6670753D 
  33      66707634 
  33      2D73702D 
  34 010a 65637469 		.ascii	"ections -ffat-lto-objects\000"
ARM GAS  C:\Users\Bryce\AppData\Local\Temp\ccm71f8u.s 			page 2


  34      6F6E7320 
  34      2D666661 
  34      742D6C74 
  34      6F2D6F62 
  35              		.ident	"GCC: (GNU Tools for ARM Embedded Processors) 5.4.1 20160609 (release) [ARM/embedded-5-bran
